[ 50%] [32mBuilding CXX object CMakeFiles/gps_node.dir/src/gps_node.cpp.o[0m
[100%] [32m[1mLinking CXX executable gps_node[0m
[100%] Built target gps_node
-- Install configuration: ""
-- Installing: /aether/install/gps_node/lib/gps_node/gps_node
-- Set non-toolchain portion of runtime path of "/aether/install/gps_node/lib/gps_node/gps_node" to ""
-- Installing: /aether/install/gps_node/share/ament_index/resource_index/package_run_dependencies/gps_node
-- Installing: /aether/install/gps_node/share/ament_index/resource_index/parent_prefix_path/gps_node
-- Installing: /aether/install/gps_node/share/gps_node/environment/ament_prefix_path.sh
-- Installing: /aether/install/gps_node/share/gps_node/environment/ament_prefix_path.dsv
-- Installing: /aether/install/gps_node/share/gps_node/environment/path.sh
-- Installing: /aether/install/gps_node/share/gps_node/environment/path.dsv
-- Installing: /aether/install/gps_node/share/gps_node/local_setup.bash
-- Installing: /aether/install/gps_node/share/gps_node/local_setup.sh
-- Installing: /aether/install/gps_node/share/gps_node/local_setup.zsh
-- Installing: /aether/install/gps_node/share/gps_node/local_setup.dsv
-- Installing: /aether/install/gps_node/share/gps_node/package.dsv
-- Installing: /aether/install/gps_node/share/ament_index/resource_index/packages/gps_node
-- Installing: /aether/install/gps_node/share/gps_node/cmake/gps_nodeConfig.cmake
-- Installing: /aether/install/gps_node/share/gps_node/cmake/gps_nodeConfig-version.cmake
-- Installing: /aether/install/gps_node/share/gps_node/package.xml
