[0.015s] Invoking command in '/aether/build/gps_node': CMAKE_PREFIX_PATH=/opt/ros/jazzy /usr/bin/cmake --build /aether/build/gps_node -- -j4 -l4
[0.121s] [ 50%] [32mBuilding CXX object CMakeFiles/gps_node.dir/src/gps_node.cpp.o[0m
[8.120s] [100%] [32m[1mLinking CXX executable gps_node[0m
[8.527s] [100%] Built target gps_node
[8.547s] Invoked command in '/aether/build/gps_node' returned '0': CMAKE_PREFIX_PATH=/opt/ros/jazzy /usr/bin/cmake --build /aether/build/gps_node -- -j4 -l4
[8.564s] Invoking command in '/aether/build/gps_node': CMAKE_PREFIX_PATH=/opt/ros/jazzy /usr/bin/cmake --install /aether/build/gps_node
[8.577s] -- Install configuration: ""
[8.577s] -- Installing: /aether/install/gps_node/lib/gps_node/gps_node
[8.582s] -- Set non-toolchain portion of runtime path of "/aether/install/gps_node/lib/gps_node/gps_node" to ""
[8.582s] -- Installing: /aether/install/gps_node/share/ament_index/resource_index/package_run_dependencies/gps_node
[8.582s] -- Installing: /aether/install/gps_node/share/ament_index/resource_index/parent_prefix_path/gps_node
[8.582s] -- Installing: /aether/install/gps_node/share/gps_node/environment/ament_prefix_path.sh
[8.583s] -- Installing: /aether/install/gps_node/share/gps_node/environment/ament_prefix_path.dsv
[8.583s] -- Installing: /aether/install/gps_node/share/gps_node/environment/path.sh
[8.583s] -- Installing: /aether/install/gps_node/share/gps_node/environment/path.dsv
[8.583s] -- Installing: /aether/install/gps_node/share/gps_node/local_setup.bash
[8.583s] -- Installing: /aether/install/gps_node/share/gps_node/local_setup.sh
[8.583s] -- Installing: /aether/install/gps_node/share/gps_node/local_setup.zsh
[8.584s] -- Installing: /aether/install/gps_node/share/gps_node/local_setup.dsv
[8.584s] -- Installing: /aether/install/gps_node/share/gps_node/package.dsv
[8.584s] -- Installing: /aether/install/gps_node/share/ament_index/resource_index/packages/gps_node
[8.584s] -- Installing: /aether/install/gps_node/share/gps_node/cmake/gps_nodeConfig.cmake
[8.584s] -- Installing: /aether/install/gps_node/share/gps_node/cmake/gps_nodeConfig-version.cmake
[8.585s] -- Installing: /aether/install/gps_node/share/gps_node/package.xml
[8.588s] Invoked command in '/aether/build/gps_node' returned '0': CMAKE_PREFIX_PATH=/opt/ros/jazzy /usr/bin/cmake --install /aether/build/gps_node
